0 info it worked if it ends with ok
1 verbose cli [ 'C:\\tools\\nodist/v/0.12.0/node.exe',
1 verbose cli   'C:\\tools\\nodist\\bin\\node_modules\\npm\\bin\\npm-cli.js',
1 verbose cli   'start' ]
2 info using npm@1.4.6
3 info using node@v0.12.0
4 verbose node symlink C:\tools\nodist/v/0.12.0/node.exe
5 verbose run-script [ 'prestart', 'start', 'poststart' ]
6 info prestart personalPageExp@0.0.0
7 info start personalPageExp@0.0.0
8 verbose unsafe-perm in lifecycle true
9 info personalPageExp@0.0.0 Failed to exec start script
10 error personalPageExp@0.0.0 start: `node ./bin/www`
10 error Exit status 1
11 error Failed at the personalPageExp@0.0.0 start script.
11 error This is most likely a problem with the personalPageExp package,
11 error not with npm itself.
11 error Tell the author that this fails on your system:
11 error     node ./bin/www
11 error You can get their info via:
11 error     npm owner ls personalPageExp
11 error There is likely additional logging output above.
12 error System Windows_NT 6.1.7601
13 error command "C:\\tools\\nodist/v/0.12.0/node.exe" "C:\\tools\\nodist\\bin\\node_modules\\npm\\bin\\npm-cli.js" "start"
14 error cwd C:\work\personalPageExp
15 error node -v v0.12.0
16 error npm -v 1.4.6
17 error code ELIFECYCLE
18 verbose exit [ 1, true ]
